Received webhook data: {'key': 'value'}
Received webhook data: {'key': 'value'}
An error occurred: 400 Bad Request: The browser (or proxy) sent a request that this server could not understand.
An error occurred: 400 Bad Request: The browser (or proxy) sent a request that this server could not understand.
An error occurred: 400 Bad Request: The browser (or proxy) sent a request that this server could not understand.
Received webhook data: {'key': 'value'}
An error occurred: 400 Bad Request: The browser (or proxy) sent a request that this server could not understand.
Received webhook data: {'key': 'value'}
Received webhook data: '{'key': 'value'}'
Received webhook data: BTC1분봉은 현재 50000불보다 작다!
Received webhook data: BTC1분봉은 현재 50000불보다 작다!
An error occurred: 404 Not Found: The requested URL was not found on the server. If you entered the URL manually please check your spelling and try again.
An error occurred: 404 Not Found: The requested URL was not found on the server. If you entered the URL manually please check your spelling and try again.
Received webhook data: BTC1분봉은 현재 50000불보다 작다!
An error occurred: 404 Not Found: The requested URL was not found on the server. If you entered the URL manually please check your spelling and try again.
Received webhook data: BTC1분봉은 현재 50000불보다 작다!
An error occurred: 404 Not Found: The requested URL was not found on the server. If you entered the URL manually please check your spelling and try again.
Received webhook data: BTC1분봉은 현재 50000불보다 작다!
An error occurred: 404 Not Found: The requested URL was not found on the server. If you entered the URL manually please check your spelling and try again.
An error occurred: 404 Not Found: The requested URL was not found on the server. If you entered the URL manually please check your spelling and try again.
Received webhook data: BTC1분봉은 현재 50000불보다 작다!
An error occurred: 404 Not Found: The requested URL was not found on the server. If you entered the URL manually please check your spelling and try again.
Received webhook data: BTC1분봉은 현재 50000불보다 작다!
Received webhook data: BTC1분봉은 현재 50000불보다 작다!
